500
0 9125 5974 2610 664 2277 3292 9021 309 2897 4845 9425
1 2655 2015 7032 6274 8603 7041 1663 9323 9655 7983 1060 3184 6772 4035 116 6101 3936
2 4090 5574 3418 9485 6371 4008 6656 699 6861 9345 719 3521 8387
3 2560 490 6653 2607 3596 5317 4402 1098 5048 3554 1467 8780 4100 2192 7179 6613 7997
4 8460 1962 8717 3001 5950 5122 1668 3394 3005 1339 8209 9543 4776 1498 8176 8151 2390 7185 1319 5962 896 199 5038 7899 4314 9903 2555
5 2813 3838 4933 7006 2345 8597 5532 2248 7315 5309 8982 6387 6369 5885 5748 7296 7413 2240
6 117 6411 7531 4893 6848 5847 5716 4681 7076 4004 7285 9968
7 5516 4306 3846 5800 5629 5472 7330 4054 9863 6334 9407 84 321 7949
8 5393 7193 3812 4253 780 8895 2401 7980 3535 1450 8586 5458 1590 6865 3135 8987 2240 3144 3905 321
9 2129 8999 336 4121 6449 1743 1830 8746 7000 7537 3099 952 6306 183 979
10 1963 2973 7611 1316 2778 2603 6746 8518 4814 4974 2147 5161 4765
11 120 8237 8648 2780 1332 7367 9619 285 9618 5362 8413 4614 755 7153
12 1724 5147 2278 1024 4109 4397 1767 5132 5890 4794 960 1956 2288 412
13 2638 8453 6299 6656 728 5301 4500 6452 5907 9192 9569 5045 3051 5111 4855 8105 477 3012 2986 4314 935
14 8624 9358 3833 3150 1592 7164 2320 5282 1518 208 5762
15 3518 1425 7000 2819 3041 5207 6468 7237 563 3841 985 3753 3982 8994 4314 2240
16 8464 2745 3208 9805 3966 4028 5840 5678 2593 4013 3741 3354 5245 793 5029 7438 9244
17 2835 5075 5943 5904 9788 1525 2113 2059 6197 3046 4002 8195 3830 3103
18 1966 3143 8757 8162 8561 8975 8501 7532 9398 2212 2346 3894
19 1402 1978 4602 1235 8683 4594 8355 1502 7937 6190 3453 2139 9842 2962
20 8042 6451 7030 6362 4862 4440 1905 965 6015 7083 5733 7962 367 5758 3074
21 978 312 2092 9572 9449 5047 9115 1233 8715 7683 3380 7521 6054 7762
22 6441 4187 3076 5968 5630 8338 9194 3549 5904 5396 8660 8574 4027 8396 3982
23 1711 7261 9932 4054 6337 1102 2931 2391 3625 3537 3524 9717 5553 8005 5715 2
24 5427 3419 961 3340 4176 4818 6992 992 6551 1039 6945 6482 5014 1328 6327 5788 1668
25 8543 6231 7137 2845 7322 9303 4567 3169 8939 77 6993 6281 3936
26 426 9025 2245 2722 140 6700 3995 8143 8592 2155 2569 3012
27 8274 246 1111 8846 8502 5335 3860 8757 578 5239 6762 1868 5412 7652
28 8605 3152 9133 5708 3388 6675 3721 718 1777 3854 9615 7073 4449 3104 2589 412
29 7540 6881 268 8057 1531 5022 2969 9827 79 5546 4785 7631 2234 8830 6938 321
30 4758 8018 853 6421 57 7787 4708 1403 4489 4957 1560 9265 6584 2
31 6668 8523 3410 3451 6826 9566 6742 9066 4315 7026 7204
32 1629 2465 9611 7062 170 4991 1250 36 8079 1835 2600 8841 238
33 9924 2047 2865 9094 6612 7263 7344 8030 2970 971 123 8132 9826 6460 2518 9050 776 3032
34 4700 1568 3315 303 2163 1316 8825 2810 5834 2651 3982
35 6810 9312 8392 1737 6443 8552 1200 7276 4465 6442 9659 9758 8141 8599 8193 2962
36 4809 1010 186 4630 3620 4275 3899 7538 254 2491 1770 4901 3032
37 7269 6116 4202 8821 3631 4547 6781 3805 2049 9818 1607 447 979 2962
38 4018 8208 8507 5504 1536 1407 600 580 8655 3471 6675 3926 5700 979
39 2879 9132 4140 2671 3015 9785 4462 9072 6502 3946 1036 9163 1081 2240 2475 1774 6827
40 9938 4993 3493 4537 5544 7362 5433 9521 2423 964 3402 7618 9370 5135 8710 8111 108 9129
41 115 7907 6352 1408 4968 7730 8970 5611 1152 2293 1140 7806 7153
42 4224 3311 8861 4306 52 1942 5426 8469 1611 5416 842 7720 9301 1343 3022
43 1201 9923 6412 5519 8349 9862 4553 6829 3301 7552 7072 9848 7709 6258 4855 8293
44 3329 494 5145 4937 6188 879 5534 362 4269 4887 7121 7170 1480 4327 7133 7806 9244
45 641 5291 1845 6617 306 4541 9859 4104 7885 4429 6025 8263 691 3320 5340 2 8125 5962
46 1556 918 6544 8475 6109 391 1976 6933 5773 3670 1085 7296
47 3150 2525 8675 1236 9147 9132 100 1964 6972 3032
48 2512 833 2054 3227 4051 9340 1093 8610 2701 3657 1696 8259 3044 9129 8994
49 720 4546 571 9063 9317 7389 8689 2621 28 7142 2335 9311 6020 7143 7790 1560 9741 7899 9299 9968 2240
50 2033 372 329 8004 4230 2243 2722 643 4380 9023 2744 2991 259 4134 6101 7333 4108 321
51 7597 3171 2693 3637 2575 2464 6367 5169 6287 2330 3597 3036 399 3728
52 8717 8222 1116 1693 1521 6702 2394 686 4129 6155 9035 2962 6827
53 2203 3398 2219 6610 704 7097 2602 5948 4999 7028 8367 2190 7048 5636 7055 3877
54 5589 7453 8983 8738 3202 3248 947 7837 6627 4633 2052 9197
55 4684 6311 5592 915 2672 2217 1416 6918 3523 9468 4045 427
56 5425 1525 2731 4867 9250 7161 8548 6006 707 9533 321
57 2509 8459 4644 209 9725 917 3626 1127 1465 6699 660 2288 9007
58 7482 7496 2105 4197 4798 6614 3156 8635 5144 1219 4538 5553 412 7153
59 121 4487 7968 219 5729 5044 7414 5109 6894 167 7513 5857 5553 4619 6141 2
60 2376 7397 9030 5371 8549 7779 5405 5535 1638 4290 9114 9301 6327 3074
61 9840 3350 6764 2941 6579 6426 3526 1508 6095 2128 3673 8142 5775 183 935
62 759 6593 6242 9803 6046 7286 1665 560 5547 8128 8144 9517 5212 9478 9820 8209 5715 2240
63 4728 8828 8789 3123 8298 5538 472 8434 3579 5257 1973 3784 9645 2322 5341 9713 9968 2555 79 9007
64 11 2467 2408 201 342 9020 1890 4396 552 2986
65 1239 2213 5557 9931 9127 4579 3691 8520 8146 6483 9313 8522 2114 1552 935
66 4920 1973 1 1222 3736 5631 2747 9122 3188 8772 5401 5677
67 544 5114 5170 4947 8158 1474 8335 1680 234 9050 5748 8922 2962
68 1164 3643 9527 7125 1078 5825 5738 7582 3594 438 8302 9677 6672 8844 6101
69 6547 9592 417 2614 6282 3153 2280 4648 1792 9779 9292 5798 5099 7713 979
70 7947 1107 3710 4304 8035 5807 6184 624 1109 7077 1981 7652
71 5899 8480 1577 7234 5228 6695 8652 435 6552 1022 8775 4087 3027 8981 8932 4341
72 7768 7800 1497 2235 7123 6907 2784 3125 6052 4483 9387 7586 3103 9129
73 5247 3644 9472 5800 2326 486 673 6364 6363 3890 888 7733 6021 7699 7762 3894
74 173 6247 8149 6816 4581 3928 3122 3813 8954 2176 7732 9533
75 958 2044 6491 987 9052 865 1616 8969 7196 212 5276 6067 4985 9244
76 625 4292 6211 1757 403 7702 9492 5573 1837 7191 5224 2239 2735 1822 4180 3543 2340 9930 5715
77 4290 7283 1399 6642 6963 166 2044 3999 3515 2341 5219
78 8040 4087 4850 8473 9438 8703 6818 4611 9153 9181 6054
79 3896 4569 4982 9871 8720 8769 2641 5926 5553 8242 7933 6251 4958 8644 6938
80 955 1712 3156 9244 3370 3376 6646 8786 1345 8897 4490 5676 9414 9640 1984 2615
81 5679 9745 9633 4093 4991 1688 5595 378 2977 8978 6982 616 257 6895 5880
82 1276 9391 5780 109 8643 7495 16 5178 9529 5537 4779 8911 4558 7709
83 8949 5560 1322 324 3897 3413 5637 4387 1861 3963 281 1175 3320
84 3471 3590 3119 4734 1838 3749 7804 6077 8618 6937 3841 4760 8728 6347 9461 1121 5962 321
85 1449 5467 7403 2441 1517 8191 6542 4572 1106 7687 8014 4962 3144 3316 4377
86 5539 9152 7351 7262 3274 4735 6201 5868 2461 7060 9704 6750 8113 8043 1429 7153 1534 2240
87 2622 2215 8006 6494 6319 4923 6044 3720 8798 7828 4575 5907 3285 8841 3243 5307 9007 427 2
88 524 8353 4505 1683 428 5556 4959 5044 7087 8021 4846 906 2486 5862 496 5412 7652 2288
89 2497 6054 9676 9235 1940 5391 2468 8164 966 2777 3133 7744 7762
90 8936 4161 756 8608 7843 8236 6954 7781 3565 6085 7291 7183 6014 2768 1117 4199
91 6720 8810 810 8354 5102 6623 8383 2070 9153 4345 5677 6613
92 2779 5211 8160 7321 3682 6162 500 7516 5482 8446 2382 850 3836 2240
93 7424 7494 3127 5900 1218 4106 1493 421 1484 7755 5412
94 9628 8790 9737 2423 2018 8373 2487 7577 6035 2242 9582 774 8713 183 9545 2555
95 1069 4026 542 7668 1453 4782 3793 4755 9957 3527 7932 8125
96 48 9246 1513 7799 2788 2570 3849 3799 2516 6244 7200
97 2939 7775 1698 4445 9295 9782 815 4644 6084 9270 7451 5030 7698 2771 2128 7883
98 8305 4463 9330 4477 9774 4754 589 150 6010 7965 6960 7243 9545 5412 2240
99 3807 4209 9710 9385 6003 6320 6339 1617 8346 4177 670 4859 9139 2155 427
100 6657 1034 1131 3738 3547 3705 2145 3845 4764 8668 813 3950
101 7447 120 270 5766 3447 5517 8989 7684 5442 8281 1801 7955 2902 4501 76
102 8090 4996 6686 5902 4279 656 5479 6448 4221 7290 2309 1050
103 5957 8771 1507 9426 1344 1810 60 8082 4861 3007 3869 5307 2555
104 6543 2915 3514 760 232 4407 9898 7054 2647 2282 9472 3260 1441 2583 2892 5880
105 5280 760 5884 9040 7228 8170 3330 7116 4126 2696 8770 6608 2628 1865 3648 4493 3842 8797 7285 7429 1145 7133
106 6208 5499 9641 6220 7649 3275 2822 6830 7703 843 3393 5848 8125 5715 6692
107 9201 1517 2557 4638 6919 6580 5 9481 2814 8994
108 5407 1327 4542 30 3353 7721 8753 3084 9876 9856 9977 9271 6875 7252 6534 8212 6327 8125 2288 7153
109 6636 4426 3902 4015 9790 8864 9130 633 1060 5153 1593 2480 9908 3704
110 1686 7355 9111 5754 1759 7241 1049 9584 7560 6193 8296 9053 2651 7240
111 8911 995 9189 433 5353 2231 9109 2965 1078 8300 9048 1871 8248 1979 4958 9848
112 132 6560 5749 9316 5220 3217 8577 8002 7213 7013 4352 6523 9534 3379 2121 352 5748 321
113 8080 9722 5339 1477 6192 1439 9675 4875 4928 4720 2294 7240 1692 8751 1501 7001 4326
114 8234 6324 7833 5494 3182 6748 653 3454 8560 2152 9372 860 5999 9955 4433 5053 2
115 8762 7487 1444 1412 6489 3534 7814 2396 5691 9857 9349
116 964 9335 6200 8527 7887 9414 2366 5653 1494 2576 3081 7012 1134 8406 6613
117 1336 583 847 8786 6554 468 8493 5115 2979 5386 6338 8424 7734 2003 5295 1982 8481 2070
118 5227 8853 4185 8952 4038 2238 146 7155 6631 991 7266 2
119 8479 4048 9082 1604 7713 7749 4452 8547 7845 8756 6750 6406 5341 4967 1125 5412
120 5179 8372 7641 489 9353 4625 7621 3909 7557 5738 6979 1340 5138 1364 9374 5775 9199
121 1023 6813 2594 1781 4831 7602 4868 9298 6603 3621 5338 8930 8495 2240
122 1349 9578 8154 213 5633 3411 9031 7849 5868 8790 7309 9991 7751 2962 5412
123 304 6879 5508 5867 8749 5154 5933 9254 740 4298 8428 1043 135 2182 8470 8134
124 1271 6457 7170 2598 4444 1301 2875 7628 5932 4112 2723 1896 6331 3914 5340
125 6865 4480 7246 7233 5548 5404 7629 9172 3333 3167 4966 5196 246 1058 552 3103 1496 3982 3158 9007 79
126 4888 7358 9695 605 5755 7127 4880 6327 3516 5718 3629 9073 1800 8531 8439 6258 9533 4020
127 4247 4007 5744 4961 2727 6831 2785 2342 4580 5157 9273 8267 4170 1668 5097 6613 7153
128 8444 8546 7591 3666 5319 2713 7562 9941 8402 4230 7240 9968 2555
129 6231 7490 344 27 7719 8449 2700 35 1528 9132 1436 2 8125
130 8389 8016 8626 5515 9415 4866 3149 197 2895 9751 425 843 9533 2 2555
131 3510 5804 6601 5155 3336 7480 5831 7 5126 4260 8887 8903 6382 8362 5654 1299 8055 8423 5531 5063 4527
132 2023 4272 4238 5298 2674 1969 5789 2634 4049 5371 8146 4526 7883
133 2765 7487 7463 926 6009 9605 4432 5704 7299 5398 7677 7699 5715
134 3214 8277 3323 8249 9972 4650 7174 2081 7260 8060 5580 8722 3894 7153
135 9169 1359 389 786 7880 5468 8476 5603 6229 6771 9906 6623 1948 4300 7922 6815 4170 2962
136 8045 6619 9890 6377 2420 6732 911 9209 1569 9487 4504 8104
137 5456 9857 2706 4039 338 3027 7569 3855 4971 8382 3998 6771 2986 3894 2
138 7197 529 9954 6863 4749 1773 9280 7144 4933 8982 3338 1749 1153 6149 9197 148
139 7693 1497 5873 7972 1873 7723 3635 4149 5656 9811 7793 457 6101
140 7218 956 6836 3436 2187 2043 4229 3197 2365 9770 2156 8136 105
141 3018 1625 3709 5353 6680 8984 959 7025 7115 7581 2486 2304 2121 7120
142 2703 3257 4731 6829 9161 6776 7174 5208 8106 3111 3371
143 1895 9322 3796 3318 6917 1908 1927 7272 2404 6355 4034
144 4935 3189 198 6210 922 3190 8315 7337 6602 8074 7829 2029 3468 8134
145 7708 565 5986 9920 9278 5327 8927 610 6739 3383 9792 472 3232 6692 7120
146 9403 9636 4366 4122 3730 5439 1281 8172 1007 7162 569 2983 2962 2555
147 5588 8041 9302 5897 9942 128 3349 1147 6031 1685 771 1658 313 7752 4531 3885 2790
148 3683 1276 7181 6516 2531 3712 2096 3023 2718 2030 3662 4975 4804 4971 4970 745 6584 2589 3964 7153 6827 4352
149 8224 7743 9422 7105 7828 6270 1432 766 2494 4954 2439 13 7405 2192 1984 9075 1774 8994
150 4443 3685 7322 9401 9902 4408 6266 7043 3004 9990 3758 1668
151 9475 9036 4406 648 7227 1732 214 3192 5659 1801 2537 6321 8406 5412
152 4592 3056 5117 97 1120 4376 6909 5705 9867 2265 3204 6938
153 2938 2741 5754 8425 3401 2191 3291 8951 1402 5852 4769 7788 650 6962 3783 3781 7240 7949
154 175 6862 4293 411 1687 9627 4179 5464 9824 8405 7670 2615 2986 4035
155 8240 8773 7086 2222 9500 5855 6804 2300 2711 9039 8636 4107 8193 3877
156 4032 3262 4867 8815 5382 1565 8063 4988 3373 4377 8994 6613
157 9196 2958 5121 6899 6961 482 2574 5952 763 7887 7050 518 9244 1496 3877
158 2308 5509 5151 322 6936 3702 5210 3951 2765 9765 8431 3012 7153 321
159 9399 3455 6950 5778 6769 9714 2880 8533 3053 8722 7219
160 1708 8568 6840 2533 2950 9413 2197 4031 182 6522 1375 6020 9043 7759 6537 5762 427
161 2160 7922 8483 8967 6385 3865 7343 1417 2936 1789 4777 2559 8406 5292 4622 3700 267 6458 6547 8062 3830 7652 2962
162 3949 33 7313 7236 9026 4367 3981 8420 8640 1783 1941 8816 3936 7902
163 8064 4144 8736 543 3310 530 29 924 7038 2943 4326 7652 935 2240
164 492 5913 5685 1123 4735 8971 8223 5377 4363 8858 2885 8959
165 3581 6503 3820 9333 8567 7346 4941 9674 1522 2781 2426 7712 6189 8580 5097 7949
166 6609 7269 2164 1157 8672 5300 7406 376 1986 5805 5965 8372 4356 2412 4501
167 8371 384 3332 4627 49 1968 3385 2961 9732 65 250 6054
168 9833 9456 3082 1071 140 9723 7242 5945 1403 323 4033 7474 9533
169 8943 9224 6676 765 139 7967 3702 7567 9075 5803 2695 7255 1113 4784 9129 3064 2643 867
170 353 8366 5905 4085 3667 6834 3746 3391 3637 4925 3331 1668
171 7559 3891 191 8186 2826 2844 1220 2846 4819 1289 925
172 4229 8457 4394 4751 348 8291 9680 6196 3885 5446 1984
173 8363 9014 5683 7642 1230 7949 7701 773 1703 2551 5054 5860 3703 8498 79 2962
174 3396 4364 6459 3697 5794 5399 7677 7207 4857 14 2649 6379 2168 1039 6187
175 9898 1582 6079 5380 9402 9408 4040 3176 7422 437 3379 1042
176 9762 9384 6104 8918 3562 1669 1307 7753 9523 3671 3862 8725 7709 447 321
177 7939 9774 8529 6068 8421 809 9060 9816 3003 2093 2421 4060
178 9964 8485 3473 8167 2077 5133 7172 3994 9245 8692 1978 9027 1736 5869
179 5963 8502 3994 2724 7440 3378 1588 9264 9707 7364 5726 2630 6986 2892 1625
180 7484 9686 667 4726 706 1146 299 9700 9829 4837 7902 4035
181 1122 5664 8416 8689 4871 2034 4198 8359 8784 2978 3158 1910 7725 9721 4399 5643 2288 1668 2986
182 6278 3017 7593 6773 1943 2284 3078 8821 5912 6693 7044 4786 2175
183 9446 7816 7984 7633 6133 3245 4533 8573 51 4701 3913 3254 7001 8431 79
184 2549 8766 6134 5779 5176 3540 4805 5634 2425 3385 7754 5727 3894 9138
185 9937 9271 7166 9413 4854 1392 5817 2656 2540 4786 8711 6613 7762
186 5601 493 4081 3720 6218 6718 5609 6269 4685 9459 5410 6131 5492 2904 3074 9848 3012
187 1537 6712 1340 2437 2363 5827 2842 3613 8468 2302 1579 3489 6124 2407 8130 4199 427 2
188 4821 4216 8572 8955 55 9090 5795 8169 7522 7647 98 1122 6860 8235 4539 5507 2615
189 7091 7784 5391 3872 449 3568 9786 2900 4895 9864 5239 3836 8193 5507
190 799 7327 8744 113 7342 9168 6628 3767 729 3203 951 9374 5340
191 8966 96 1447 6120 8342 8416 5350 6434 3403 4575 1898 6241 9008 6360 5677 2327
192 1691 7685 3601 9587 3392 1487 6598 2864 315 8987 7120
193 757 1676 520 3985 2759 7714 4725 884 726 6428 3032 1534
194 5137 4650 2838 5729 8622 9438 8615 782 6991 1728 3714 6545 6712 3074
195 5268 8203 5422 3405 9293 9233 5261 6913 3288 1793 7047 7909 6014 4035
196 353 3266 7218 2730 1342 9440 3348 4050 5000 4983 6889 2679 5064
197 2687 9935 3857 4909 7453 832 2258 1348 6433 7049 6920 5869 8125 3012 3894
198 2124 1989 7213 5914 4987 4908 340 1828 3492 3050 2413 1105 5099 8406 3074
199 4882 1923 5049 8878 4082 1044 3011 9405 1130 5706 9643 7549 9806 1149 7762
200 1946 5244 908 4727 6382 7633 3382 2942 7158 819 3106 6827 5445
201 702 7672 4532 2353 111 9217 4873 1361 715 6138 6380 8157 3092 3023 9968
202 3785 445 6832 1637 1807 6673 9924 9909 278 8554 1504 838 7759 979
203 7514 536 2279 3759 8228 4743 5195 8225 7068 2095 9404 5848
204 608 1189 7318 3114 4800 6036 5272 6901 9359 7088 6412 2064 6029 1117 1058 2121
205 8308 8850 416 877 6934 8485 3895 2502 1442 4520 4340 1668
206 6575 2116 6825 831 2721 6558 4838 9337 932 5067 6156 2911 2650 9178 1979 5715
207 7288 9112 6679 1621 2794 7757 7606 1938 6265 8831
208 149 8046 2567 1288 3335 5046 8037 8957 6281 7669 5880
209 5462 287 7741 2887 6318 2553 7650 9095 7074 7314 9930 6889 395
210 335 6590 4822 6425 4061 721 8118 790 2395 9230 2818 8293 7438
211 6541 2417 6533 9747 8301 1916 2781 9076 2860 5194 1400 3061 3731 6949 8922 8812 1668
212 9266 2844 9570 4963 910 5185 4266 3632 8429 1771 6655 1498 259 8711
213 9328 982 5011 8513 8819 5646 3222 3035 4626 2704 5446
214 6731 4936 3216 2697 9223 2598 5631 8247 4253 5934 2523 3505 9654 8043 1401 7120 2986
215 2007 8330 4823 7469 501 1964 2674 3210 17 7608 9728 9380 5543 4855
216 3493 4191 844 9144 4780 9686 2616 7215 4071 9041 4433 1773 8194 3326 7439 1252 9979 1625
217 1111 5395 9388 9997 7014 1442 247 2998 9874 8052 4929 3561 1581 6351 2857 5412 79
218 8542 9034 5055 421 6878 7155 8440 1437 550 7254 9871 935
219 4015 592 1182 5995 1746 8294 510 5293 5452 2582 9538 3432 7820 3012
220 8899 9395 7192 2035 5232 2381 5657 4709 103 369 7461 6898 46 8293 2643
221 1337 1619 8503 1051 2673 7298 1161 9648 2749 4231 7256 1555 8900 4199 1524
222 310 5559 7428 1655 3297 8477 3857 9459 3438 4705 774 205 7949
223 403 505 8178 4594 680 7159 737 3002 6495 279 8227 8387
224 1893 5073 5549 6626 7393 9237 2421 379 7396 3 7280 3584 6465 4985 8491 79
225 2830 7915 5730 3067 7047 4750 6910 4755 5020 4909 7153
226 5342 4312 5816 4613 5893 5090 6801 3452 9357 3975 7686 893 3262 4658 7296 7732 7438 935
227 3958 9989 7878 8740 5336 2242 3629 2967 3570 1505 7050 4236 7919 7736 321
228 6890 5851 5104 7588 7750 5444 7052 8889 7970 4670 2446 8212 5917
229 8994 1909 7040 8817 8052 1276 6903 7938 6414 7940 7837 696 9731 9270 7710 6030 7949
230 3999 8590 6530 5376 5085 1859 5734 7914 8432 4225 5343 895 6547 9007
231 4736 7319 1937 5857 5040 6169 9445 3201 9915 8724 2346 7575 7285
232 7794 6921 8536 6951 6796 3263 423 7140 1473 7545 6613
233 5757 1695 2663 3278 1723 5544 5522 4213 266 2690 2480 9842 7762
234 2746 5193 316 4073 2868 5895 6502 8042 6572 3247 8998 4660 1929 6351 6635 2630 4679 5458
235 3647 3740 3988 9179 2036 7715 1796 6436 2069 2263 478 4938 4314 8994
236 3031 4693 3014 8689 9567 4414 9121 5913 514 1558 2052
237 5388 3828 7328 6072 2314 844 2973 2732 1252 7549 3665 221 8920 6292 352
238 5159 871 2681 7659 3923 7388 5525 8854 9180 6823 3863 4173 9090 3432 374 935 9968
239 5929 8990 8750 1495 448 4579 5474 6723 300 2102 2252 4699 545 5715 7219 7709
240 9382 3340 646 9396 6262 187 5920 4138 1092 8507 90 7133
241 6223 688 3592 1907 9356 6604 8112 7268 3612 2329 4297 5981 9933 9349 84
242 2505 2418 4586 429 5666 9466 2771 9275 3549 5624 8865 200
243 9297 5008 4708 7010 7479 6616 8849 432 7908 232 5412 2121 2240
244 1028 6493 153 9287 6026 5859 2846 7740 400 2946 1476 8644 8910 9007
245 6821 1875 4355 2449 4380 1144 2842 9532 2220 8803 2100 4909
246 2119 5296 1040 8831 5917 6260 2183 3024 5403 9895 5346 2241 3074
247 8785 3336 6172 9315 4939 2275 9601 2617 9473 5812 1666 9510
248 5355 5360 6963 2256 4897 5423 2379 7365 3770 1718 1564 8185 2538 3012
249 1270 6648 7113 5078 849 2714 1291 8039 9219
250 6594 3358 9453 9526 8632 7732 858 5125 5332 3427 7841 3676 4240 1670 9299
251 3121 4695 8350 4086 2002 699 1817 8657 7381 5926 5892 4842 5777 4311 4326
252 5835 8125 638 9011 3132 9436 6545 215 6042 7979 3544 3596 8528 4239 321 9615 8462 8994 6938
253 2065 6300 1882 3762 9027 851 2251 7008 3345 8703 5074 5019 2773 5307
254 72 4140 4597 3548 7339 9215 7501 5698 6799 1806 3423 3080 2537 8812 3371 4765 1668
255 1063 4591 3086 5287 2431 7009 1850 9371 2175 9481 533 4448 9522 457 450 5762
256 9634 9216 6886 1766 6548 1954 2137 5041 7457 4271 4423 9842
257 9831 4550 5389 368 7659 6698 6147 2157 5776 9187 4793 998 3163 2322 3894 2128 7864 7153
258 6956 7311 9585 1533 8309 7950 5608 4729 7797 1912 6019 1510 4558 3752 8711
259 9949 4806 5536 2761 4119 8159 4717 5041 4570 9637 8498
260 1636 5554 944 1197 2635 3971 5408 1344 5961 8505 7224 3602 3509 3830
261 9321 6793 7216 3653 6181 1020 7357 2595 2444 3847 4222 4207 9283 9086 6705 8907 3827 9551 8716 5507
262 4763 4849 4174 6958 1321 9546 4537 5278 6384 1167 9244
263 8188 5226 9620 6701 6157 7239 9706 9314 1865 704 957 6652 8896
264 3242 8243 3984 7188 6929 5674 7890 2934 5069 6774 2016 7811 394 5156 5212 1496 2643 5715
265 4588 8119 2867 2869 1283 1414 6506 6557 5687 3552 4320 4134 5964 8491
266 7773 9631 2179 3480 3016 2736 9698 2568 9155 618 410 1552 3894 311
267 7225 3747 1201 8532 2463 7951 2153 2457 2654 1917 7474 1125 7088 2240 3877
268 6706 6140 3772 9569 4806 7462 9285 8422 1676 3708 1246 7883
269 6563 4182 4172 915 8067 5495 1212 9188 6023 2799 6404 1343
270 5007 8336 5707 2173 1827 8674 5588 147 1564 2643 8462
271 5428 4649 6586 2099 3037 8011 4421 7536 8099 8343 6938 3146 9139
272 7325 5886 5621 5750 3473 9162 7442 4369 949 8457 9621 8685 453 1391 2240
273 7316 7357 5330 9103 7777 3440 3669 8856 7862 7861 8307 2680 6061 4437 1336 4180 5869 1668
274 1027 8645 1064 2476 9654 7220 2118 8866 5070 4561 4752 7126
275 8926 6273 9331 3869 3942 1410 8973 6290 7187 1141 3239 8723 8269 4531 9968 427
276 9880 6267 1941 9033 2352 899 100 5185 3881 4311
277 8463 8616 6119 6543 2868 8950 9767 8261 9083 3883 6298 3395 2555
278 3302 6805 8198 5303 6007 7489 1435 739 6066 2109 3823 921 7456 79
279 4563 98 5308 8914 4676 5390 6033 6800 2165 916 4362 4035
280 3789 5493 6597 7253 8275 8134 9844 2715 9558 1645 1573 6464 7063 4517 2773 8994 9533
281 3859 9418 5372 5417 5751 2961 6094 1931 2018 2006 7544 8599 5715
282 4242 3586 657 1323 1177 578 8239 2586 4102 6167 5896 1031 6416 374 8130 1628 3541 5219 2327
283 3972 9110 8276 9894 2186 4173 6395 7090 3678 5767 4199
284 8654 3410 6766 4132 7194 8427 6583 2122 5799 7634 8069 4176
285 9671 2120 4565 8175 989 4917 4590 3866 2144 898 240 7488 4350 7699
286 891 8200 2453 4023 2111 981 2430 1014 5084 6509 663 3073 4765
287 9484 7527 1279 7435 9245 5023 7504 9047 9619 2663 2828 6967 673 397 4027 9848 1454 7762 9244
288 9703 5905 3766 4157 1336 4544 2843 216 5571 5273 2983 1557 2240 935
289 5994 4010 4307 1207 9024 4922 5436 5473 6296 4340 3567 7880 79
290 6312 4083 7129 4861 9206 1461 1194 6122 3225 5762 1784
291 7122 7792 9296 8216 5209 4721 1682 4671 1443 142 221 8491 7438
292 4461 1175 3593 6794 3319 1681 7739 6734 8096 6926 7933 7314 7949 2013 569
293 354 970 9732 9691 8682 2428 5826 6611 2896 792 4208 6800 7688 4168 650 5437 3012
294 2702 9409 6845 5797 8676 176 4610 3359 5430 1581 3538 8170 4618 5740 5219
295 3153 6670 5351 934 6376 2608 7787 6987 8292 4456 4678 9218 6303 3498 3052 8874 4890 6549 5437 6296
296 2225 2365 9960 7459 9067 7118 9953 6456 1180 6770 6914 9940 732 259 2962
297 9736 818 7813 768 4646 4206 8647 8452 5730 8803 6808 1105 6044 4855
298 2553 3317 3194 5004 3314 8677 2926 122 8515 7745 1261 606 4350
299 637 8152 8088 1631 7019 7220 5135 7613 9348 1077 6744 2437 979
300 2621 3417 3415 9507 5956 1901 7078 675 8741 1967 1038 3937 7664 3586 3936
301 5240 2169 1785 4778 611 828 3884 2550 9692 3375 1700 4744 3723 6437 979
302 2545 3442 7967 7635 8442 3180 696 8906 9741 7874 5810 5702 7012 8883 7791 427 9533 9007 2555
303 5506 9452 1829 6674 7718 3627 8783 4390 5288 3675 8896 4664 1668
304 5520 9211 1762 794 1118 5769 3661 8510 5877 5384 3494 151 3856 9632 7549 732 1731 1752 6635 79
305 386 6279 1848 5590 1729 4217 9513 9256 8910 7413 79
306 7545 6851 4158 1571 4484 2492 7796 8196 2254 9953 9018 4941 2028 2892 7883 7699 7949 321
307 1769 235 6883 1411 491 3954 9326 5011 2247 2897 5418 7782 1216 1984
308 3334 2521 3118 1420 5166 5551 7472 7719 9310 6060 2085 4664
309 4992 2167 4193 3771 7961 4296 7856 9517 7508 6150 7842 9961 6993 8131 1534
310 2290 4980 8001 9690 7450 8390 7271 5921 9842
311 6389 2127 495 6022 6951 1324 2443 9949 5823 7324 7759 2
312 4650 8672 401 3284 5173 2427 4522 7691 1622 4212 4783 7517
313 7147 4292 8916 4518 4428 1159 2195 1761 9236 9284 9430 4824 8716
314 3754 2083 6787 3815 5761 9914 5952 2922 2538 8396 9842
315 9140 5119 413 2067 416 9181 8455 6077 8569 1151 5980 2750 7992 6101
316 4025 4074 724 6152 6940 6840 4746 3641 1382 158 5064
317 5415 1255 3931 1262 8045 5140 5377 7359 8728 3079 2288
318 4038 2472 6602 2935 8421 2984 6681 8945 1305 5188 8908 3012
319 7736 9823 3715 88 5738 676 3977 4055 9634 9204 1037 8852 5448 3100 4418 7361 9075 3012
320 7711 684 4329 9096 7428 4883 897 4772 8168 8814 8121 3427 2962
321 393 4127 7863 6849 6329 5414 7117 408 2918 823 6765 9003 2898
322 3501 8084 107 4332 6925 1914 1888 6368 6346 3297 7454 9160 3936
323 1603 6846 9031 172 3053 9009 3341 4620 4694 3944 2114 780
324 3537 8581 301 4761 3422 1326 4242 2948 111 582 4063 1934 6458 7713 1105 9007 1454 9533
325 1844 8879 2599 810 845 8147 7835 8666 8634 9908 9244
326 5140 5584 1347 3379 666 236 5478 8893 7232 8824 2515 976 7782 6306 2288
327 9148 7154 7022 4456 6636 2274 1667 4065 7692 7274 5425 8473 8794 4199 2340
328 2140 3306 4189 9154 4235 1430 9268 5984 3846 7131 2288
329 3980 5537 1678 66 350 9622 62 923 3195 2184 745
330 3361 7278 6027 6117 9080 3135 2140 1811 1297 8417 2148 3240 2685
331 8291 3927 2769 9738 5203 1203 8098 1955 3343 5962
332 4032 8559 5310 1883 1875 5107 4163 1831 8495 541 4199
333 3737 3918 1953 4166 750 6287 2561 3475 6463 8058 6170
334 4186 2436 8637 9364 4934 1834 4388 6529 4787 9608 5887 2565 6347 2422 1668 2240
335 4751 4196 455 593 7563 481 6891 8801 5521 1546 6778 2986 3877
336 2658 838 2201 4214 5271 601 6928 9846 768 6374 597 1369 6164 5500 8931 6810 7055 76 1042 745 2986
337 4723 4416 2270 4325 984 8162 9681 6767 8176 4467 8904 970 581 8663
338 5447 1202 65 4478 9362 7840 7604 857 865 4139 3584 9565 6148 1647 7429
339 34 2499 318 2935 631 6852 3734 5813 4744 5082 780 1299 3074 9007
340 2272 5534 3794 1075 78 6165 7447 1763 731 9184 6391 9954 2340 4269 4341 4314 1534
341 8192 5736 6117 5953 6882 2220 2952 9207 9968 2962
342 4226 9999 3557 539 8302 3000 2460 2330 9206 5367 6141
343 7624 7903 4277 2878 2289 1860 1884 6521 6145 3631 8966 4966 9667 9521 1174 6281 2858 3032
344 7885 9312 6713 3573 4901 6641 5639 476 9598 1231 5898 8467 3490 3536 5248 3513 5964 3758 3521 776 1534 8812
345 8127 2084 7662 2840 4900 8352 8526 953 1567 8836 6000 7206 625 5715
346 741 6063 5158 8264 9926 5621 5832 3174 6289 6831 8008 2870 3106
347 3249 9079 7675 2433 42 6115 4194 5089 3049 609 4335 3797 7036 3468 3936
348 9859 8594 4562 7377 4851 3307 6467 4797 779 4259 623 1267 133 4924 9199 7120 6938
349 7157 1697 9156 3694 6983 3765 6859 3347 1192 469 8930 6095 6413 7517 935
350 407 9746 1839 5711 1716 2372 5756 2532 7983 6354 9096 9467 6470
351 1740 3681 513 1052 8136 1824 3745 4612 4736 5693 218 1394 5839 8781 5743 2670 8671 9968 5880 427
352 9968 9172 1275 7836 2828 4548 4774 7648 8233 5325 2738 7948 4360 4254 5270 1557 4286 6021 6584
353 2987 8882 828 8319 744 4284 8310 6467 8837 4664 8140 6137 6 3277 4737 9478 7893 3630 4345 9689 7438 6608 3936
354 7916 4759 2861 8674 4353 6151 8389 9991 5992 7024 5788 5962
355 1314 3365 9006 9578 913 4657 7079 9403 1864 6015 9010 979 3894
356 8714 3506 4521 9067 4363 8667 5881 5441 668 4218 412 4151 5156 3376
357 5701 8852 6703 9249 3959 3639 2510 7975 532 272 7652
358 6964 3961 5036 96 3824 1044 5466 3542 8768 4066 8722 5161 9265 5917 8797 3836 2643 3012
359 3614 6558 9231 3656 71 3555 2305 4507 2125 8215 8964 5071 7413 325 8131 116 4311
360 8098 6205 5352 9434 8557 3142 1696 507 2714 6867 7167 8487 6030 321
361 5503 9768 7380 4924 6752 9508 5642 1156 2872 731 8942 9834 276 1580 9545
362 1998 461 4417 734 890 8739 2806 9866 7821 1256 7438
363 5970 3782 5658 7435 7015 2061 9904 1033 4860 8256 1299 2288
364 6916 7282 3476 6272 6533 2528 229 2481 5939 6141 3074
365 2881 728 7927 5528 41 3634 1467 8780 6295 8517 1731 321
366 7651 4564 5669 9996 5174 8705 8400 3206 3835 9545 3936
367 6941 2836 3677 2726 3676 4903 7232 758 6202 5838 3089 7285 1668 3894
368 4183 7079 4240 6416 3970 9108 8511 6592 5864 4852 2721 1299 6258
369 1059 8681 8289 4538 7037 349 3267 8938 2384 7570 5559 6048 4155 4606 3213 5962
370 29 2780 1650 1548 5005 2369 7301 8440 6002 450 155 7987 8248 2340 3074
371 1533 5665 4496 6840 5877 7590 2989 562 164 1073 5656 8134 2962
372 2968 4956 1913 4532 4383 1384 2024 1053 4730 6161 7296
373 8443 1710 7974 7087 8390 8081 5966 1313 4624 5306 5251 9683 372 5830 6996 9238 1601 2475 1868 935
374 8740 7368 8394 3185 8770 8777 6088 9495 4717 4784 5899
375 7231 6872 220 8669 9161 5003 8249 4469 2802 9576 3987 8069 6986 8994
376 2485 9389 2963 6357 6953 4148 9617 6186 1383 4914 7138 2910 3381 6049 863 1752 3894
377 6226 8997 294 4384 8410 4289 6446 491 7493 2458 3023
378 1451 6546 154 5402 8664 3008 8257 8618 7066 2402 5033 9483 6778 4457 8711 352 5507 6101
379 3460 1529 7174 6267 7798 5787 8164 8595 9528 6671 5507
380 1168 8878 1648 1519 9177 3522 3059 9945 826 6802 3006 6547 5715
381 227 4382 919 852 761 7827 8892 3599 3668 4411 4078 2158 2019 2666 7575 9199 8134 3877 321
382 1458 9087 4711 7571 2298 9950 7376 251 7810 4602 6270 2962
383 6469 553 4273 2039 7099 9336 7688 6786 505 1932 178 481 6178 835 4378 2925 5756 6170 5064 5437
384 8163 7114 2977 1542 1569 9252 3083 2974 8329 8297 5469 8587 4091 935 5715
385 5885 7676 7169 2206 463 9074 8085 5008 8393 7306 5513 177 7204 4234 2790 7699 2962 6938
386 2999 4764 2367 6440 2559 2957 9400 3021 5499 8743 5645 4504 3584 935 8387 7438 7883
387 9838 9962 3879 5168 4604 8031 4203 6906 1273 9566 5672 7234 2685 3877 9533
388 3764 20 1435 5119 4654 6242 1802 1847 5647 2058 8068 2962 2240 9533 2555
389 6837 9258 4666 273 3449 2829 2375 6457 2409 6817 9545 7949
390 4808 5141 4086 9423 5972 272 8846 9675 7383 7967 3072 3236 1956 9404 7880 2 8125 79
391 5690 686 1195 7251 538 1466 4143 8898 4732 9887 4828 19 4345 3026 5387 7791 6744 9979 3074
392 2977 3993 159 3344 6510 366 233 6724 8165 9433 3751 3312 1042
393 5710 8960 1834 5941 3252 1977 3551 7808 5127 2676 2699 9912 745 979 1121
394 3962 7505 5449 6422 6628 4644 8707 9581 4071 1383
395 8357 7112 8822 3308 1634 4892 6645 4549 2882 3111 182 1091 5177 7968 321
396 2072 5785 9303 4781 2211 4218 6561 8535 5035 8217 928 5106 5744 866 3474 2555 8994
397 7676 955 3636 7467 101 1481 9610 3313 3851 8383 6060 7762
398 54 4000 3766 7059 5819 1482 2282 5936 7367 2032 9576 3043 9013
399 3456 8361 8544 7724 6518 8034 6010 9593 172 803 8538 2643 79
400 4491 6594 6607 4666 6086 4585 657 9057 5347 9098 3997 6778
401 7543 5792 1961 5933 6942 7491 3810 8847 6727 6034 7716 4309 9443 9573 5715
402 8620 4422 9588 6205 2620 2858 3253 8806 5182 7586 4340 8491 79
403 9666 6185 9597 8117 907 6284 6415 8743 6429 5915 2265 5080 8644 2555
404 4192 9476 3533 8033 639 9383 6739 2218 1725 5451 4607 3660 7786 1852 9604 3604 5359
405 6394 9366 8863 4790 6070 424 3664 7264 6037 4880 5304 1920 2264
406 8471 734 5234 3147 2017 7943 4896 3837 3417 4268 9194 1368 8270 8652 7198 6071 321 7652
407 6227 4214 602 6245 1682 3795 141 1140 9481 4133 6168 2030 2086 1572 4377 6938
408 7141 8078 5701 9647 6455 8762 9950 101 1853 6238 6687 7652
409 4076 9332 1775 5894 5354 6488 6828 5256 7850 695 4020 6547 9533
410 7547 114 3431 2490 1409 4715 9393 3804 4667 3465 8619 1043 7267 8005 9007
411 8045 4141 2494 4964 8356 3095 9309 5279 8583 6618 1366 2630 7652
412 7465 8375 662 638 1093 7105 4766 5356 8490 297 5056 7594 7997 7912 925 79
413 6165 6186 8782 7758 3033 773 3298 9141 7190 1303 6301 4870
414 2920 9998 2006 5259 4742 4713 522 7478 3161 6486 2685 2
415 4251 5466 9537 6974 3414 7724 153 2326 802 4326 5006 412
416 1280 7852 4475 7879 5965 5728 541 23 7356 6166 4955 9787 1377
417 3565 5761 4241 5978 7675 3325 6605 5252 6555 7512 3020 3877
418 936 3463 7235 7655 5017 9864 396 4095 5667 3269 9758 5445 7289 56 1238 3830 8910
419 1038 506 1988 286 8155 5016 8241 1055 1900 2806 847 5962
420 4974 661 9450 9534 6167 8337 7028 4691 9657 3821 8524 652 5065 5339 5386
421 6419 3956 7360 6253 1957 6425 5522 7680 9638 5572 4147 7694 8528 3758
422 5944 7697 3405 2408 226 2345 3181 1457 7836 6551 9056 8116 2013 2240
423 6665 8272 3126 5737 207 1760 9005 7353 9850 7372 8029 3729 9347 5869 9669 3111 9453 4341
424 9726 8040 8393 3034 7654 7071 6366 8642 9341 863 6790 2240
425 5213 549 7074 6653 8306 2008 8148 25 3902 9357 4658 2413 2962 321 2288
426 9019 1924 2588 358 9241 4274 3203 396 9130 7485 2392 483 3817 3146 7153 7762
427 4328 4635 63 2123 8363 8804 5617 7498 2202 4522 2458 7992 574 8881 1083 650 6534 2555 7153 2288
428 9366 7901 639 5015 8382 8796 6153 6761 4995 9816 8445 7669 1289 6986 3543
429 1259 4029 2245 7609 7927 8387 6395 3692 8976 8765 5383 4527 5248 3316 321
430 278 6472 4258 8095 7783 7027 7386 2501 7427 9417 2792 2666
431 7556 7945 3110 7865 9664 5615 2951 3097 136 6065 370 9091 9968
432 2850 9142 9606 9398 9216 7810 526 7923 5052 4556 3207 8716 2383 2666
433 6642 5186 7925 6592 1097 6905 364 5565 7332 3494 4589 3961 9688 4664 2962 321
434 7430 652 3739 2078 444 333 210 2338 6447 2870 7078 4195 5846 9159 1546 148 3074
435 1004 4540 7986 8306 6506 6062 8413 2335 9327 9681 2783 9705 1657 420
436 5191 3421 6710 2887 1814 4990 1062 379 1048 1401 745
437 5605 8499 8461 3058 8614 81 173 4370 5148 4668 8818 3982 3936
438 5864 4319 3525 2204 245 9599 2041 1190 3818 6324 1601 8832 6538
439 341 8430 9526 6647 2998 2956 5081 1987 2002 7350 6899 8043 1831 5880 8125 3982
440 806 2770 8860 2107 3714 7248 2964 6500 1796 2370 8284 2555 1774
441 129 2805 4089 9137 5673 2590 144 3974 8469 7451 5254 7349 1383 2962 6938
442 6257 7317 9777 9693 8506 9176 4674 6621 8829 5321 4977 4690 6203 3061 2349 2856 3752 3077
443 3783 7859 4777 9763 9300 2020 1479 9232 608 4005 6260 6677 6613 447 321
444 5429 1889 8143 1000 8260 7543 6524 6470 5285 2611 682 3926 8462 1105 5216 5677 5715
445 6179 1902 947 9516 4747 259 7340 905 7599 3664 1750
446 4655 5454 3341 7789 7033 871 5035 2996 8091 5022 1387 2577 6216 3316
447 812 5244 2177 547 6490 3888 6349 8540 6065 1997 8258 3728 7153
448 9126 3886 6527 708 1626 4821 2973 2229 8427 2624 8167 6030 6938
449 6911 4265 196 3755 6984 6221 6587 4413 1935 1785 8758 503 3513
450 7723 1921 3911 7546 9579 451 797 969 1150 8710 8135 8183 511 7266 2962
451 9784 9318 5147 1359 1186 2487 440 7630 6547
452 4304 5871 551 8609 5247 6154 5870 1952 2570 5302 7257 9346 6852 6946 4886 1979
453 4310 395 4386 5856 4511 6102 5940 5943 9351 8996 6221 2839 1871 1979
454 788 502 873 4110 3607 9817 4348 1674 7168 8687 7160 5616 3567 7696
455 9002 7449 1786 4497 4052 5613 3610 193 1677 6721 6250 2518 7709
456 3193 5006 7610 8670 8992 2477 4702 4453 2389 1971 5598 8268 5747 3432 1668 2962
457 7278 7431 2297 402 3151 3313 6130 4976 9379 1032 3567 8299 6074 9491 2422 6049 8125
458 3324 9930 9094 2754 590 2548 4542 3530 3583 6100 5317 7629 7652 5412
459 3299 222 1813 6388 6240 7275 2787 4318 3725 9259 2085 7652 6101
460 5040 9830 1283 8725 21 2903 9325 5034 4892 4419 914 7883 2414 6258 935 79 2288
461 685 5988 3743 429 2498 6798 2544 5047 7960 8764 4616 8491 2327 2986
462 1836 331 449 4994 5818 3701 5969 5973 243 253 347 527 5848
463 7841 7963 557 7281 7977 759 1335 4582 3019 8979 9451 1538 4639
464 6078 8788 3279 2454 7223 4454 3531 4718 2273 2060 2182
465 206 4279 6727 6866 6318 3450 6213 5505 4181 523 3885 1668
466 9967 8516 5796 9797 3744 2101 8116 8140 9549 3300 7550 9646 7068 1560 2288
467 3716 9988 1191 9458 8279 9218 1084 632 2646 7043 1353 6482 2288
468 1618 7249 3055 8773 8504 4827 616 3593 8450 5880
469 8038 2295 9711 3541 1198 5392 9781 8366 4137 6709 6538 1942 1774 1763 6327
470 7464 9841 627 9393 6145 4703 1087 5547 1398 6234 5780 3836
471 4733 5615 2258 5409 7824 9225 9243 3011 3916 7458 2704 4199
472 9291 8472 3235 7131 7574 6103 8278 5794 619 3399 3362 8958 6698 1134 8387 4985 569
473 3713 1815 6622 3458 5016 5888 5770 6854 7238 8729 6170 5752 1710 7762
474 5277 6144 712 6492 1470 4593 9099 827 5488 3790 6775 3530 1739 3074
475 6370 718 7582 7313 7792 3665 611 3746 8196 4969 4188 2264 1405 8618 4948
476 7329 3887 8276 1576 4264 2795 3837 5908 3991 3368 317 5219 1752 1238 5962
477 2188 4123 1694 6488 436 4498 8678 7966 7111 5326 1670 8092 753
478 4420 2484 3264 1072 9716 4515 6999 8862 5461 1690 5150 6884 3835 5962 8994
479 6880 205 7991 6378 3128 5720 950 3964 1008 1511 440 3085 238 979
480 2642 6480 6646 1503 804 1515 2933 1720 1630 214 8362 8005 6082
481 8738 8145 1002 9401 6505 9556 5316 8438 723 7085 3129 4343 3543 9834
482 5891 1376 3711 7617 8447 6606 2771 1352 4675 1627 7889 6978 6615 8130
483 1047 6691 2953 4561 9953 2519 6915 460 6587 1232 4486 6381 2 1125
484 9522 2572 9595 1233 7032 6896 3919 5385 7623 8418 2873 2440 2662 5322 7413
485 5703 3624 9455 8977 1107 8972 1019 1652 6532 1396 1950 2817 7864 5445 9244 2288
486 1440 9986 1389 1012 9527 2210 3275 3553 7220 7672 5843 9444 6492 9270
487 1331 5723 3456 4584 1887 2117 8027 1642 4632 1520 9065 7457 9260 935
488 2135 6573 4721 4792 119 5627 6237 5584 6001 6970 1429
489 7904 2228 7500 6762 9640 876 7510 4324 6011 1562 7499 7452 1554 4372 8020 5449 7742 5072
490 359 9022 1664 4771 754 8791 3175 8056 7848 2739 1524 5748 9968
491 7250 2079 2105 4042 2490 714 7707 5575 8419 2912 9107 6082 9990 7699
492 4965 419 4587 8769 3112 4366 1639 9102 4326 4834 3936
493 669 6053 4677 9028 5662 9116 9872 3827 7817 6334 670 1094 5601 6639 5340 427
494 3811 7295 305 6040 4902 6809 4744 2517 9612 2301 6986 4527 7652 5715
495 330 9541 8509 5682 6163 5654 5997 5131 798 4482 5555 4169 9966 3251 352
496 7134 2981 5649 3672 1881 6444 7755 1937 5024 1841 9354 2791 7762 6692 5437
497 7663 9170 1745 9085 9851 9386 497 4948 9651 4255 5175
498 2730 3895 6501 2426 1325 3005 442 8792 6222 1907 2031 1262 9443 155 3320 183
499 381 3658 6902 9764 1597 8600 1892 6924 7530 8980 4080 296 4400 9259 935